[
    {
        "Id": "cfa823fee382f10d277b47f0234575452a1773552d92e3665b29d2ab18347220",
        "Created": "2019-01-07T04:30:12.728378798Z",
        "Path": "/init",
        "Args": [],
        "State": {
            "Status": "running",
            "Running": true,
            "Paused": false,
            "Restarting": false,
            "OOMKilled": false,
            "Dead": false,
            "Pid": 16512,
            "ExitCode": 0,
            "Error": "",
            "StartedAt": "2019-01-07T04:30:13.790537214Z",
            "FinishedAt": "0001-01-01T00:00:00Z"
        },
        "Image": "sha256:1565e7bb4e316cbbd1fa2005a1a074e2fbdde6cb22768a67080434077e0474fb",
        "ResolvConfPath": "/var/lib/docker/containers/cfa823fee382f10d277b47f0234575452a1773552d92e3665b29d2ab18347220/resolv.conf",
        "HostnamePath": "/var/lib/docker/containers/cfa823fee382f10d277b47f0234575452a1773552d92e3665b29d2ab18347220/hostname",
        "HostsPath": "/var/lib/docker/containers/cfa823fee382f10d277b47f0234575452a1773552d92e3665b29d2ab18347220/hosts",
        "LogPath": "/var/lib/docker/containers/cfa823fee382f10d277b47f0234575452a1773552d92e3665b29d2ab18347220/cfa823fee382f10d277b47f0234575452a1773552d92e3665b29d2ab18347220-json.log",
        "Name": "/s2",
        "RestartCount": 0,
        "Driver": "aufs",
        "Platform": "linux",
        "MountLabel": "",
        "ProcessLabel": "",
        "AppArmorProfile": "docker-default",
        "ExecIDs": null,
        "HostConfig": {
            "Binds": null,
            "ContainerIDFile": "",
            "LogConfig": {
                "Type": "json-file",
                "Config": {}
            },
            "NetworkMode": "heig",
            "PortBindings": {},
            "RestartPolicy": {
                "Name": "no",
                "MaximumRetryCount": 0
            },
            "AutoRemove": false,
            "VolumeDriver": "",
            "VolumesFrom": null,
            "CapAdd": null,
            "CapDrop": null,
            "Dns": [],
            "DnsOptions": [],
            "DnsSearch": [],
            "ExtraHosts": null,
            "GroupAdd": null,
            "IpcMode": "shareable",
            "Cgroup": "",
            "Links": null,
            "OomScoreAdj": 0,
            "PidMode": "",
            "Privileged": false,
            "PublishAllPorts": false,
            "ReadonlyRootfs": false,
            "SecurityOpt": null,
            "UTSMode": "",
            "UsernsMode": "",
            "ShmSize": 67108864,
            "Runtime": "runc",
            "ConsoleSize": [
                0,
                0
            ],
            "Isolation": "",
            "CpuShares": 0,
            "Memory": 0,
            "NanoCpus": 0,
            "CgroupParent": "",
            "BlkioWeight": 0,
            "BlkioWeightDevice": [],
            "BlkioDeviceReadBps": null,
            "BlkioDeviceWriteBps": null,
            "BlkioDeviceReadIOps": null,
            "BlkioDeviceWriteIOps": null,
            "CpuPeriod": 0,
            "CpuQuota": 0,
            "CpuRealtimePeriod": 0,
            "CpuRealtimeRuntime": 0,
            "CpusetCpus": "",
            "CpusetMems": "",
            "Devices": [],
            "DeviceCgroupRules": null,
            "DiskQuota": 0,
            "KernelMemory": 0,
            "MemoryReservation": 0,
            "MemorySwap": 0,
            "MemorySwappiness": null,
            "OomKillDisable": false,
            "PidsLimit": 0,
            "Ulimits": null,
            "CpuCount": 0,
            "CpuPercent": 0,
            "IOMaximumIOps": 0,
            "IOMaximumBandwidth": 0,
            "MaskedPaths": [
                "/proc/acpi",
                "/proc/kcore",
                "/proc/keys",
                "/proc/latency_stats",
                "/proc/timer_list",
                "/proc/timer_stats",
                "/proc/sched_debug",
                "/proc/scsi",
                "/sys/firmware"
            ],
            "ReadonlyPaths": [
                "/proc/asound",
                "/proc/bus",
                "/proc/fs",
                "/proc/irq",
                "/proc/sys",
                "/proc/sysrq-trigger"
            ]
        },
        "GraphDriver": {
            "Data": null,
            "Name": "aufs"
        },
        "Mounts": [],
        "Config": {
            "Hostname": "cfa823fee382",
            "Domainname": "",
            "User": "",
            "AttachStdin": false,
            "AttachStdout": false,
            "AttachStderr": false,
            "ExposedPorts": {
                "3000/tcp": {},
                "7373/tcp": {},
                "7946/tcp": {}
            },
            "Tty": false,
            "OpenStdin": false,
            "StdinOnce": false,
            "Env": [
                "PATH=/usr/local/sbin:/usr/local/bin:/usr/sbin:/usr/bin:/sbin:/bin",
                "NODE_VERSION=0.12.2",
                "NPM_VERSION=2.9.1",
                "ROLE=backend"
            ],
            "Cmd": null,
            "Image": "softengheigvd/webapp",
            "Volumes": null,
            "WorkingDir": "",
            "Entrypoint": [
                "/init"
            ],
            "OnBuild": null,
            "Labels": {}
        },
        "NetworkSettings": {
            "Bridge": "",
            "SandboxID": "1e9ab0340acc4a8c81c5dbc0373dfa500ff1cd9f841d65b1e28917a5351ce485",
            "HairpinMode": false,
            "LinkLocalIPv6Address": "",
            "LinkLocalIPv6PrefixLen": 0,
            "Ports": {
                "3000/tcp": null,
                "7373/tcp": null,
                "7946/tcp": null
            },
            "SandboxKey": "/var/run/docker/netns/1e9ab0340acc",
            "SecondaryIPAddresses": null,
            "SecondaryIPv6Addresses": null,
            "EndpointID": "",
            "Gateway": "",
            "GlobalIPv6Address": "",
            "GlobalIPv6PrefixLen": 0,
            "IPAddress": "",
            "IPPrefixLen": 0,
            "IPv6Gateway": "",
            "MacAddress": "",
            "Networks": {
                "heig": {
                    "IPAMConfig": null,
                    "Links": null,
                    "Aliases": [
                        "cfa823fee382"
                    ],
                    "NetworkID": "dafc9cef7c7192405e301a7b3205053ee3ae248b8f951cbbcb13262b5a14e76e",
                    "EndpointID": "0f6bd5128307b717543dc63c54f3f6f85a4c4d80b5645a97659de5bb03d319cc",
                    "Gateway": "172.18.0.1",
                    "IPAddress": "172.18.0.4",
                    "IPPrefixLen": 16,
                    "IPv6Gateway": "",
                    "GlobalIPv6Address": "",
                    "GlobalIPv6PrefixLen": 0,
                    "MacAddress": "02:42:ac:12:00:04",
                    "DriverOpts": null
                }
            }
        }
    }
]
